<?xml version="1.0" encoding="UTF-8"?>
<coverage generated="1785254177457" clover="3.2.0">
  <project timestamp="1785254177457" name="All files">
    <metrics statements="2" coveredstatements="2" conditionals="0" coveredconditionals="0" methods="2" coveredmethods="2" elements="4" coveredelements="4" complexity="0" loc="2" ncloc="2" packages="2" files="2" classes="2"/>
    <package name="AI Interview Coach">
      <metrics statements="1" coveredstatements="1" conditionals="0" coveredconditionals="0" methods="1" coveredmethods="1"/>
      <file name="sum.js" path="D:\dsata  backup\AI Interview Coach\sum.js">
        <metrics statements="1" coveredstatements="1" conditionals="0" coveredconditionals="0" methods="1" coveredmethods="1"/>
        <line num="1" count="1" type="stmt"/>
      </file>
    </package>
    <package name="AI Interview Coach.ai-interview-coach.src">
      <metrics statements="1" coveredstatements="1" conditionals="0" coveredconditionals="0" methods="1" coveredmethods="1"/>
      <file name="App.jsx" path="D:\dsata  backup\AI Interview Coach\ai-interview-coach\src\App.jsx">
        <metrics statements="1" coveredstatements="1" conditionals="0" coveredconditionals="0" methods="1" coveredmethods="1"/>
        <line num="62" count="3" type="stmt"/>
      </file>
    </package>
  </project>
</coverage>
