{"D:\\dsata  backup\\AI Interview Coach\\sum.js": {"path":"D:\\dsata  backup\\AI Interview Coach\\sum.js","statementMap":{"0":{"start":{"line":1,"column":19},"end":{"line":1,"column":30}},"1":{"start":{"line":1,"column":27},"end":{"line":1,"column":30}}},"fnMap":{"0":{"name":"(anonymous_0)","decl":{"start":{"line":1,"column":19},"end":{"line":1,"column":20}},"loc":{"start":{"line":1,"column":27},"end":{"line":1,"column":30}},"line":1}},"branchMap":{},"s":{"0":1,"1":1},"f":{"0":1},"b":{},"_coverageSchema":"1a1c01bbd47fc00a2c39e90264f33305004495a9","hash":"5a2d98a727cb9eb769661aef918a9d8f134d38aa"}
,"D:\\dsata  backup\\AI Interview Coach\\ai-interview-coach\\src\\App.jsx": {"path":"D:\\dsata  backup\\AI Interview Coach\\ai-interview-coach\\src\\App.jsx","statementMap":{"0":{"start":{"line":62,"column":2},"end":{"line":62,"column":20}}},"fnMap":{"0":{"name":"App","decl":{"start":{"line":61,"column":9},"end":{"line":61,"column":12}},"loc":{"start":{"line":61,"column":15},"end":{"line":63,"column":1}},"line":61}},"branchMap":{},"s":{"0":3},"f":{"0":3},"b":{},"_coverageSchema":"1a1c01bbd47fc00a2c39e90264f33305004495a9","hash":"6270893455220e79b048b9fdaba9dd5dbcaf163b"}
}
